SF:lib/src/utils/string.dart
DA:1,1
DA:6,1
DA:7,1
DA:9,2
LF:4
LH:4
end_of_record
SF:lib/src/utils/currency.dart
DA:3,1
DA:4,1
DA:8,1
DA:11,1
LF:4
LH:4
end_of_record
SF:lib/src/common_widgets/radio_button_icon/radio_button_icon.dart
DA:7,1
DA:12,1
DA:14,1
DA:19,1
DA:24,1
DA:26,1
DA:29,1
LF:7
LH:7
end_of_record
SF:lib/src/common_widgets/button/button.dart
DA:18,1
DA:33,1
DA:34,1
DA:35,1
DA:37,1
DA:38,1
DA:45,1
DA:46,1
DA:47,1
DA:48,1
DA:50,1
DA:52,1
DA:54,1
DA:61,1
DA:62,1
DA:63,1
DA:65,1
DA:67,1
DA:74,1
DA:75,1
DA:76,1
DA:78,1
DA:80,1
DA:82,1
DA:89,1
DA:90,1
DA:91,1
DA:93,1
DA:95,1
DA:102,1
DA:103,1
DA:104,1
DA:105,1
DA:106,1
DA:108,1
DA:115,1
DA:116,1
DA:117,2
DA:118,1
DA:123,2
DA:124,1
DA:127,1
DA:129,2
DA:130,1
DA:131,1
DA:138,2
DA:139,2
DA:140,1
DA:141,1
DA:143,1
DA:144,1
DA:146,1
DA:148,2
DA:149,1
DA:150,1
DA:154,2
DA:156,1
DA:159,1
DA:160,2
DA:161,1
DA:167,2
DA:171,1
DA:173,2
DA:174,2
DA:175,1
DA:176,1
DA:177,1
DA:180,2
DA:181,1
DA:184,1
DA:198,2
DA:201,1
DA:202,1
DA:203,1
DA:204,3
LF:75
LH:75
end_of_record
SF:lib/src/common_widgets/heading/heading.dart
DA:6,2
DA:18,1
DA:19,1
DA:20,3
DA:21,3
DA:22,3
DA:23,3
DA:24,3
DA:25,3
DA:28,2
DA:31,1
DA:32,2
DA:33,2
DA:35,1
DA:38,1
DA:40,1
DA:41,1
DA:42,1
LF:18
LH:18
end_of_record
