TN:
SF:lib/src/api/shopware_client.dart
FNF:0
FNH:0
DA:8,1
DA:10,1
DA:23,3
DA:26,1
LF:4
LH:4
end_of_record
TN:
SF:lib/src/common_widgets/accordion/accordion.dart
FNF:0
FNH:0
DA:14,36
DA:21,3
DA:23,3
DA:25,3
DA:26,3
DA:27,1
DA:28,3
DA:30,3
DA:32,3
DA:34,2
DA:35,3
DA:36,3
DA:37,3
DA:38,3
DA:39,3
DA:40,3
DA:42,3
DA:44,3
DA:45,3
DA:46,2
DA:47,2
DA:49,3
DA:51,3
DA:52,3
DA:56,3
DA:57,3
DA:58,3
DA:61,3
DA:71,3
DA:72,3
DA:74,6
DA:76,3
DA:86,3
DA:87,6
LF:34
LH:34
end_of_record
TN:
SF:lib/src/common_widgets/async_value_widget/async_value_widget.dart
FNF:0
FNH:0
DA:13,4
DA:21,0
DA:22,0
DA:23,0
DA:27,4
DA:29,8
DA:30,4
DA:31,4
DA:32,4
DA:33,0
DA:35,8
DA:37,0
DA:38,4
DA:39,0
DA:40,4
LF:15
LH:9
end_of_record
TN:
SF:lib/src/common_widgets/bottom_navigation_bar/bottom_navigation_bar.dart
FNF:0
FNH:0
DA:14,33
DA:18,0
DA:19,0
DA:21,0
DA:29,0
DA:37,0
DA:39,0
DA:40,0
DA:41,0
DA:42,0
DA:44,0
DA:46,0
DA:49,0
DA:70,0
DA:71,0
DA:86,33
DA:93,0
DA:95,0
DA:97,0
DA:99,0
DA:100,0
DA:102,0
DA:103,0
DA:104,0
DA:110,0
DA:111,0
DA:112,0
LF:27
LH:2
end_of_record
TN:
SF:lib/src/common_widgets/button/button.dart
FNF:0
FNH:0
DA:18,6
DA:33,6
DA:34,6
DA:35,6
DA:37,5
DA:38,5
DA:45,6
DA:46,6
DA:47,6
DA:48,4
DA:50,4
DA:52,1
DA:54,1
DA:61,6
DA:62,6
DA:63,6
DA:65,6
DA:67,6
DA:74,6
DA:75,6
DA:76,6
DA:78,4
DA:80,4
DA:82,1
DA:89,1
DA:90,1
DA:91,1
DA:93,1
DA:95,1
DA:102,3
DA:103,3
DA:104,3
DA:105,1
DA:106,1
DA:108,1
DA:115,6
DA:116,6
DA:117,12
DA:118,6
DA:123,12
DA:124,6
DA:127,6
DA:129,12
DA:130,6
DA:131,6
DA:138,12
DA:139,12
DA:140,6
DA:141,3
DA:143,6
DA:144,1
DA:146,6
DA:148,9
DA:149,3
DA:150,3
DA:154,12
DA:156,6
DA:159,6
DA:160,12
DA:161,1
DA:167,12
DA:171,6
DA:173,12
DA:174,12
DA:175,1
DA:176,1
DA:177,1
DA:180,2
DA:181,1
DA:184,1
DA:198,2
DA:201,6
DA:202,6
DA:203,6
DA:204,18
LF:75
LH:75
end_of_record
TN:
SF:lib/src/common_widgets/circle_button/circle_button.dart
FNF:0
FNH:0
DA:6,1
DA:25,1
DA:26,1
DA:27,2
DA:29,2
DA:30,1
DA:31,0
DA:32,0
DA:34,0
DA:42,1
DA:43,2
DA:50,1
DA:52,1
DA:53,1
DA:54,1
DA:55,1
DA:56,0
DA:59,0
DA:64,1
DA:65,1
DA:66,1
DA:67,1
DA:68,1
DA:69,1
DA:70,1
LF:25
LH:20
end_of_record
TN:
SF:lib/src/common_widgets/circle_icon/circle_icon.dart
FNF:0
FNH:0
DA:7,66
DA:9,2
DA:11,2
DA:18,2
DA:19,2
DA:26,1
LF:6
LH:6
end_of_record
TN:
SF:lib/src/common_widgets/floating_action_button/floating_action_button.dart
FNF:0
FNH:0
DA:11,33
DA:13,0
DA:15,0
DA:17,0
DA:18,0
DA:21,0
DA:23,0
DA:24,0
DA:25,0
DA:27,0
DA:28,0
DA:30,0
DA:31,0
LF:13
LH:1
end_of_record
TN:
SF:lib/src/common_widgets/floating_action_button/floating_action_button_badge.dart
FNF:0
FNH:0
DA:11,33
DA:13,0
DA:15,0
DA:16,0
DA:18,0
DA:22,0
DA:32,0
DA:35,0
DA:36,0
DA:37,0
LF:10
LH:1
end_of_record
TN:
SF:lib/src/common_widgets/heading/heading.dart
FNF:0
FNH:0
DA:7,299
DA:21,1
DA:22,1
DA:23,3
DA:24,3
DA:25,3
DA:26,3
DA:27,3
DA:28,3
DA:31,2
DA:34,1
DA:35,2
DA:36,2
DA:38,1
DA:41,1
DA:43,1
DA:44,1
DA:47,1
DA:48,1
DA:49,1
LF:20
LH:20
end_of_record
TN:
SF:lib/src/common_widgets/image/image.dart
FNF:0
FNH:0
DA:8,7
DA:16,7
DA:18,21
DA:19,4
DA:20,4
DA:21,4
DA:24,6
DA:25,6
DA:26,6
DA:27,6
DA:28,6
LF:11
LH:11
end_of_record
TN:
SF:lib/src/common_widgets/list_tile/list_tile.dart
FNF:0
FNH:0
DA:15,36
DA:26,3
DA:28,3
DA:29,3
DA:30,3
DA:31,3
DA:32,3
DA:33,3
DA:43,3
DA:45,3
DA:46,3
DA:47,3
DA:48,3
DA:50,12
DA:51,3
DA:55,3
DA:56,2
DA:58,2
LF:18
LH:18
end_of_record
TN:
SF:lib/src/common_widgets/loading_indicator/loading_indicator.dart
FNF:0
FNH:0
DA:8,49
DA:17,4
DA:19,4
DA:22,4
DA:24,4
DA:26,4
DA:28,4
DA:29,4
DA:30,4
DA:39,4
DA:43,4
DA:49,4
DA:51,12
DA:52,8
DA:55,20
DA:56,8
DA:57,4
DA:58,8
DA:59,12
DA:60,4
DA:62,4
DA:63,8
DA:64,8
DA:65,4
DA:67,4
DA:68,4
DA:69,4
DA:77,0
DA:79,0
DA:80,0
DA:81,0
LF:31
LH:27
end_of_record
TN:
SF:lib/src/common_widgets/modal_bottom_sheet/modal_bottom_sheet.dart
FNF:0
FNH:0
DA:14,1
DA:21,0
DA:28,1
DA:35,1
DA:38,3
DA:39,1
DA:44,1
DA:46,1
DA:51,0
DA:60,1
DA:64,1
DA:65,0
DA:66,0
DA:74,1
DA:76,1
DA:77,2
DA:78,1
DA:80,1
DA:83,1
DA:85,1
DA:86,1
DA:87,1
DA:89,1
DA:96,1
DA:97,1
DA:100,1
DA:101,1
DA:103,1
DA:104,1
DA:105,2
DA:107,0
DA:108,0
DA:114,1
DA:116,1
DA:117,1
DA:118,1
DA:122,0
LF:37
LH:30
end_of_record
TN:
SF:lib/src/common_widgets/modal_bottom_sheet/modal_bottom_sheet_heading.dart
FNF:0
FNH:0
DA:5,34
DA:7,1
DA:9,1
DA:10,1
DA:11,3
LF:5
LH:5
end_of_record
TN:
SF:lib/src/common_widgets/notification/notification.dart
FNF:0
FNH:0
DA:17,33
DA:24,0
DA:25,0
DA:26,0
DA:28,0
DA:30,0
DA:35,0
DA:36,0
DA:37,0
DA:39,0
DA:41,0
DA:46,0
DA:47,0
DA:48,0
DA:50,0
DA:52,0
DA:57,0
DA:59,0
DA:64,0
DA:65,0
DA:66,0
DA:68,0
DA:69,0
DA:70,0
DA:71,0
DA:76,0
DA:77,0
DA:79,0
DA:80,0
DA:81,0
DA:82,0
DA:87,0
DA:88,0
DA:89,0
LF:34
LH:1
end_of_record
TN:
SF:lib/src/common_widgets/page_wrap/page_wrap.dart
FNF:0
FNH:0
DA:6,69
DA:12,3
DA:14,3
DA:15,3
DA:16,3
LF:5
LH:5
end_of_record
TN:
SF:lib/src/common_widgets/radio_button_icon/radio_button_icon.dart
FNF:0
FNH:0
DA:7,1
DA:12,1
DA:14,1
DA:19,1
DA:24,1
DA:26,1
DA:29,1
LF:7
LH:7
end_of_record
TN:
SF:lib/src/common_widgets/select_input/select_input.dart
FNF:0
FNH:0
DA:5,0
DA:7,0
DA:9,0
LF:3
LH:0
end_of_record
TN:
SF:lib/src/common_widgets/top_nav_bar/top_nav_bar.dart
FNF:0
FNH:0
DA:9,150
DA:11,2
DA:13,2
DA:16,8
DA:20,2
DA:21,1
DA:22,0
DA:29,4
DA:34,0
DA:36,0
LF:10
LH:7
end_of_record
TN:
SF:lib/src/features/address/presentation/widgets/address_select.dart
FNF:0
FNH:0
DA:8,1
DA:13,1
DA:15,1
DA:18,2
DA:19,2
DA:20,1
DA:22,1
DA:23,2
LF:8
LH:8
end_of_record
TN:
SF:lib/src/features/address/presentation/widgets/address_select_item.dart
FNF:0
FNH:0
DA:10,2
DA:16,2
DA:18,8
DA:21,2
DA:22,0
DA:23,2
DA:27,2
DA:28,2
DA:30,2
DA:33,2
DA:34,2
DA:35,2
DA:37,2
DA:38,2
DA:39,10
DA:42,2
DA:43,4
DA:46,2
DA:47,10
DA:50,2
DA:51,4
DA:56,2
DA:57,2
LF:23
LH:22
end_of_record
TN:
SF:lib/src/features/authentication/data/auth_repository.dart
FNF:0
FNH:0
DA:12,0
DA:14,0
DA:18,0
DA:19,0
DA:26,0
DA:27,0
DA:30,0
DA:42,0
DA:43,0
DA:51,0
DA:63,0
DA:64,0
DA:68,0
DA:70,0
DA:71,0
LF:15
LH:0
end_of_record
TN:
SF:lib/src/features/authentication/data/login_controller.dart
FNF:0
FNH:0
DA:15,1
DA:21,0
DA:25,0
DA:27,0
DA:29,0
DA:30,0
DA:32,0
DA:33,0
DA:35,0
DA:37,0
DA:38,0
DA:39,0
DA:41,0
DA:43,0
DA:45,0
DA:49,0
DA:51,0
DA:52,0
DA:62,0
LF:19
LH:1
end_of_record
TN:
SF:lib/src/features/authentication/data/signup_controller.dart
FNF:0
FNH:0
DA:14,0
DA:20,0
DA:32,0
DA:34,0
DA:47,0
DA:48,0
DA:49,0
DA:51,0
DA:53,0
DA:56,0
DA:60,0
DA:62,0
DA:67,0
DA:79,0
DA:80,0
LF:15
LH:0
end_of_record
TN:
SF:lib/src/features/authentication/presentation/screens/account_screen.dart
FNF:0
FNH:0
DA:11,33
DA:13,0
LF:2
LH:1
end_of_record
TN:
SF:lib/src/features/authentication/presentation/screens/login_screen.dart
FNF:0
FNH:0
DA:16,33
DA:18,0
DA:20,0
DA:21,0
DA:22,0
DA:24,0
DA:34,0
DA:36,0
DA:37,0
DA:39,0
DA:45,0
DA:46,0
DA:49,0
DA:50,0
LF:14
LH:1
end_of_record
TN:
SF:lib/src/features/authentication/presentation/screens/signup_screen.dart
FNF:0
FNH:0
DA:15,33
DA:17,0
DA:19,0
DA:23,0
DA:24,0
DA:25,0
DA:26,0
DA:27,0
DA:29,0
DA:33,0
DA:34,0
DA:37,0
DA:38,0
LF:13
LH:1
end_of_record
TN:
SF:lib/src/features/authentication/presentation/views/account_logged_in_view.dart
FNF:0
FNH:0
DA:11,33
DA:13,0
DA:15,0
DA:16,0
DA:17,0
LF:5
LH:1
end_of_record
TN:
SF:lib/src/features/authentication/presentation/views/account_logged_out_view.dart
FNF:0
FNH:0
DA:10,66
DA:12,0
DA:14,0
DA:15,0
DA:19,0
DA:21,0
DA:22,0
DA:25,0
DA:28,0
DA:32,0
LF:10
LH:1
end_of_record
TN:
SF:lib/src/features/authentication/presentation/widgets/account/account_header.dart
FNF:0
FNH:0
DA:9,33
DA:11,0
DA:14,0
DA:19,0
DA:20,0
DA:21,0
DA:22,0
DA:23,0
DA:24,0
DA:25,0
DA:26,0
DA:27,0
DA:33,0
DA:39,0
DA:40,0
DA:41,0
DA:42,0
DA:44,0
DA:45,0
DA:46,0
DA:47,0
DA:48,0
DA:49,0
DA:53,0
DA:54,0
DA:55,0
DA:58,0
DA:59,0
DA:60,0
LF:29
LH:1
end_of_record
TN:
SF:lib/src/features/authentication/presentation/widgets/auth_gate.dart
FNF:0
FNH:0
DA:9,66
DA:15,0
DA:18,0
DA:21,0
DA:23,0
LF:5
LH:1
end_of_record
TN:
SF:lib/src/features/authentication/presentation/widgets/forms/login_form.dart
FNF:0
FNH:0
DA:12,0
DA:14,0
DA:16,0
DA:17,0
DA:19,0
DA:20,0
DA:21,0
DA:23,0
DA:24,0
DA:25,0
DA:27,0
DA:28,0
DA:29,0
DA:30,0
DA:35,0
DA:37,0
DA:38,0
DA:39,0
DA:40,0
DA:41,0
DA:46,0
DA:50,0
DA:52,0
DA:53,0
DA:54,0
DA:55,0
DA:56,0
DA:57,0
DA:64,0
DA:66,0
DA:68,0
DA:70,0
DA:71,0
DA:76,0
DA:77,0
DA:78,0
DA:82,0
DA:83,0
DA:85,0
DA:87,0
DA:89,0
DA:95,0
DA:96,0
DA:99,0
LF:44
LH:0
end_of_record
TN:
SF:lib/src/features/authentication/presentation/widgets/forms/signup_form.dart
FNF:0
FNH:0
DA:27,0
DA:40,0
DA:45,0
DA:46,0
DA:47,0
DA:48,0
DA:49,0
DA:52,0
DA:53,0
DA:54,0
DA:55,0
DA:56,0
DA:57,0
DA:58,0
DA:62,0
DA:71,0
DA:73,0
DA:74,0
DA:75,0
DA:76,0
DA:77,0
DA:78,0
DA:80,0
DA:81,0
DA:82,0
DA:83,0
DA:85,0
DA:86,0
DA:87,0
DA:88,0
DA:90,0
DA:91,0
DA:92,0
DA:93,0
DA:98,0
DA:103,33
DA:104,0
DA:106,0
DA:107,0
DA:109,0
DA:110,0
DA:111,0
DA:113,0
DA:114,0
DA:115,0
DA:116,0
DA:117,0
DA:119,0
DA:122,0
DA:123,0
DA:124,0
DA:125,0
DA:128,0
DA:129,0
DA:130,0
DA:132,0
DA:134,0
DA:135,0
DA:138,0
DA:139,0
DA:140,0
DA:143,0
DA:144,0
DA:146,0
DA:149,0
DA:151,0
DA:152,0
DA:157,0
DA:158,0
DA:159,0
DA:162,0
DA:163,0
DA:166,0
DA:168,0
DA:171,0
DA:173,0
DA:176,0
DA:181,0
DA:182,0
DA:183,0
DA:184,0
DA:187,0
DA:188,0
DA:189,0
DA:190,0
DA:191,0
DA:192,0
DA:193,0
DA:194,0
DA:195,0
DA:196,0
DA:197,0
DA:198,0
DA:203,0
DA:205,0
DA:207,0
DA:208,0
DA:209,0
DA:211,0
DA:212,0
DA:213,0
DA:214,0
DA:215,0
DA:216,0
DA:219,0
DA:221,0
DA:225,0
DA:226,0
DA:228,0
DA:232,0
DA:233,0
DA:238,0
DA:239,0
DA:240,0
DA:242,0
DA:243,0
DA:244,0
DA:246,0
DA:251,0
DA:252,0
DA:256,0
DA:257,0
DA:259,0
DA:264,0
DA:269,0
DA:270,0
DA:271,0
DA:273,0
DA:274,0
DA:278,0
DA:279,0
DA:280,0
DA:282,0
DA:283,0
DA:285,0
DA:286,0
DA:287,0
DA:295,0
DA:296,0
DA:298,0
DA:303,0
DA:304,0
DA:306,0
LF:143
LH:1
end_of_record
TN:
SF:lib/src/features/authentication/presentation/widgets/logout_button.dart
FNF:0
FNH:0
DA:12,66
DA:14,1
DA:17,2
DA:18,1
DA:19,1
DA:20,2
DA:25,0
DA:26,0
DA:27,0
DA:29,0
DA:30,0
DA:31,0
DA:33,0
DA:34,0
DA:35,0
DA:39,0
DA:43,0
DA:44,0
DA:46,0
DA:47,0
DA:48,0
DA:50,0
DA:52,0
DA:53,0
DA:56,0
DA:58,0
LF:26
LH:6
end_of_record
TN:
SF:lib/src/features/cart/data/cart_button_provider.dart
FNF:0
FNH:0
DA:19,1
DA:29,1
DA:30,1
DA:38,0
DA:39,0
DA:48,0
DA:49,0
DA:57,1
DA:58,1
DA:68,1
DA:69,1
DA:70,1
DA:71,1
DA:74,4
DA:75,1
DA:76,2
DA:77,0
DA:78,0
DA:83,1
DA:84,0
DA:85,0
DA:86,0
DA:87,0
DA:90,0
DA:91,0
DA:92,0
DA:96,1
DA:97,2
DA:102,0
DA:103,0
DA:104,0
DA:105,0
DA:109,0
DA:110,0
DA:111,0
DA:112,0
DA:117,0
DA:119,2
DA:120,1
DA:121,2
LF:40
LH:18
end_of_record
TN:
SF:lib/src/features/cart/data/cart_repository.dart
FNF:0
FNH:0
DA:11,1
DA:13,1
DA:14,3
DA:17,0
DA:18,0
DA:21,0
DA:22,0
DA:25,0
DA:26,0
DA:30,1
DA:32,2
DA:33,1
DA:38,2
DA:40,1
DA:41,2
DA:42,4
DA:43,1
DA:44,0
DA:47,1
DA:48,2
DA:50,3
DA:54,1
DA:55,2
DA:61,2
DA:64,8
DA:65,2
DA:66,2
DA:68,2
DA:72,1
DA:73,2
DA:76,4
DA:77,1
DA:78,0
DA:81,0
DA:83,2
DA:87,0
DA:88,0
DA:91,0
DA:92,0
DA:93,0
DA:96,0
DA:98,0
DA:102,0
DA:103,0
DA:106,0
DA:107,0
DA:108,0
DA:111,0
DA:113,0
DA:117,0
DA:118,0
DA:119,0
DA:122,0
DA:125,0
DA:126,0
DA:127,0
DA:133,0
DA:134,0
DA:135,0
LF:59
LH:26
end_of_record
TN:
SF:lib/src/features/cart/screens/cart_screen.dart
FNF:0
FNH:0
DA:13,33
DA:15,0
DA:17,0
DA:18,0
DA:19,0
DA:20,0
DA:21,0
DA:23,0
DA:24,0
DA:25,0
DA:26,0
LF:11
LH:1
end_of_record
TN:
SF:lib/src/features/cart/widgets/cart_details.dart
FNF:0
FNH:0
DA:10,33
DA:14,0
DA:16,0
DA:17,0
DA:18,0
DA:19,0
DA:20,0
DA:23,0
DA:24,0
LF:9
LH:1
end_of_record
TN:
SF:lib/src/features/cart/widgets/cart_price_details.dart
FNF:0
FNH:0
DA:11,66
DA:13,0
DA:18,0
DA:20,0
DA:21,0
DA:23,0
DA:25,0
DA:27,0
DA:28,0
DA:29,0
DA:30,0
DA:36,0
DA:38,0
DA:39,0
DA:41,0
DA:48,0
DA:50,0
DA:51,0
DA:53,0
DA:56,0
DA:60,0
DA:61,0
DA:62,0
DA:65,0
DA:67,0
DA:69,0
DA:70,0
DA:71,0
DA:73,0
DA:74,0
DA:77,0
DA:78,0
DA:79,0
DA:80,0
DA:81,0
DA:84,0
DA:85,0
DA:86,0
DA:89,0
DA:90,0
DA:93,0
DA:94,0
DA:97,0
DA:98,0
DA:101,0
LF:45
LH:1
end_of_record
TN:
SF:lib/src/features/cart/widgets/cart_product_item.dart
FNF:0
FNH:0
DA:12,0
DA:17,0
DA:19,0
DA:20,0
DA:22,0
DA:23,0
DA:24,0
DA:25,0
DA:26,0
DA:27,0
DA:30,0
DA:31,0
DA:32,0
DA:39,0
DA:41,0
DA:45,0
DA:48,0
DA:51,0
DA:59,0
DA:61,0
DA:62,0
DA:63,0
DA:67,0
DA:68,0
DA:70,0
DA:71,0
DA:72,0
DA:73,0
DA:76,0
DA:77,0
DA:78,0
DA:79,0
DA:80,0
DA:82,0
DA:83,0
DA:85,0
DA:86,0
DA:87,0
DA:88,0
DA:89,0
LF:40
LH:0
end_of_record
TN:
SF:lib/src/features/cart/widgets/empty_cart.dart
FNF:0
FNH:0
DA:11,33
DA:13,0
DA:15,0
DA:17,0
DA:18,0
DA:22,0
DA:24,0
DA:25,0
DA:26,0
DA:27,0
DA:38,0
DA:42,0
DA:43,0
LF:13
LH:1
end_of_record
TN:
SF:lib/src/features/checkout/data/checkout_notifier.dart
FNF:0
FNH:0
DA:15,0
DA:17,0
DA:20,0
DA:21,0
DA:24,0
DA:26,0
DA:30,0
DA:31,0
DA:34,0
DA:38,0
DA:39,0
DA:43,0
DA:45,0
DA:47,0
DA:48,0
DA:50,0
DA:51,0
DA:52,0
DA:54,0
DA:55,0
DA:57,0
DA:58,0
DA:60,0
DA:64,0
DA:65,0
DA:68,0
DA:69,0
DA:72,0
DA:73,0
DA:76,0
DA:77,0
DA:85,0
DA:86,0
DA:89,0
DA:90,0
DA:93,0
DA:94,0
LF:37
LH:0
end_of_record
TN:
SF:lib/src/features/checkout/data/checkout_repository.dart
FNF:0
FNH:0
DA:11,0
DA:15,0
DA:16,0
DA:20,0
DA:22,0
DA:23,0
LF:6
LH:0
end_of_record
TN:
SF:lib/src/features/checkout/data/checkout_state.dart
FNF:0
FNH:0
DA:11,33
DA:18,0
DA:20,0
DA:24,0
DA:27,0
DA:28,0
DA:32,0
DA:34,0
DA:37,0
DA:40,0
DA:45,33
DA:46,0
DA:48,0
DA:51,0
DA:54,0
DA:59,33
DA:61,0
DA:64,0
DA:67,0
DA:72,33
DA:74,0
DA:77,0
DA:80,0
LF:23
LH:4
end_of_record
TN:
SF:lib/src/features/checkout/data/order_notifier.dart
FNF:0
FNH:0
DA:8,0
DA:13,0
DA:14,0
LF:3
LH:0
end_of_record
TN:
SF:lib/src/features/checkout/presentation/screens/checkout_confirmation_screen.dart
FNF:0
FNH:0
DA:11,33
DA:15,0
LF:2
LH:1
end_of_record
TN:
SF:lib/src/features/checkout/presentation/screens/checkout_screen.dart
FNF:0
FNH:0
DA:9,33
DA:11,0
LF:2
LH:1
end_of_record
TN:
SF:lib/src/features/checkout/presentation/views/checkout_confirmation_view.dart
FNF:0
FNH:0
DA:14,33
DA:16,0
DA:18,0
DA:20,0
DA:21,0
DA:22,0
DA:24,0
DA:26,0
DA:27,0
DA:29,0
DA:31,0
DA:32,0
DA:36,0
DA:38,0
DA:42,0
DA:43,0
LF:16
LH:1
end_of_record
TN:
SF:lib/src/features/checkout/presentation/views/checkout_view.dart
FNF:0
FNH:0
DA:13,33
DA:15,0
DA:17,0
DA:19,0
DA:20,0
DA:23,0
DA:24,0
DA:25,0
DA:27,0
DA:29,0
DA:38,0
DA:39,0
DA:41,0
LF:13
LH:1
end_of_record
TN:
SF:lib/src/features/checkout/presentation/views/steps/checkout_payment_step.dart
FNF:0
FNH:0
DA:10,33
DA:11,0
DA:13,0
DA:14,0
DA:15,0
DA:17,0
DA:19,0
DA:25,0
LF:8
LH:1
end_of_record
TN:
SF:lib/src/features/checkout/presentation/views/steps/checkout_review_step.dart
FNF:0
FNH:0
DA:10,33
DA:11,0
DA:13,0
DA:16,0
DA:17,0
LF:5
LH:1
end_of_record
TN:
SF:lib/src/features/checkout/presentation/views/steps/checkout_shipping_step.dart
FNF:0
FNH:0
DA:11,33
DA:12,0
DA:14,0
DA:15,0
DA:16,0
DA:18,0
DA:20,0
DA:26,0
LF:8
LH:1
end_of_record
TN:
SF:lib/src/features/checkout/presentation/views/steps/checkout_step_wrapper.dart
FNF:0
FNH:0
DA:14,0
DA:20,0
DA:22,0
DA:24,0
DA:25,0
DA:26,0
DA:31,0
DA:32,0
DA:33,0
DA:35,0
DA:38,0
LF:11
LH:0
end_of_record
TN:
SF:lib/src/features/checkout/presentation/widgets/checkout_footer.dart
FNF:0
FNH:0
DA:10,33
DA:12,0
DA:14,0
DA:15,0
DA:16,0
DA:17,0
DA:23,0
DA:26,0
DA:27,0
DA:28,0
DA:29,0
DA:30,0
DA:34,0
DA:37,0
DA:38,0
DA:39,0
DA:41,0
LF:17
LH:1
end_of_record
TN:
SF:lib/src/features/checkout/presentation/widgets/checkout_header.dart
FNF:0
FNH:0
DA:8,33
DA:10,0
DA:12,0
DA:15,0
DA:26,33
DA:28,0
DA:37,0
DA:42,0
DA:46,0
LF:9
LH:2
end_of_record
TN:
SF:lib/src/features/checkout/presentation/widgets/checkout_top_bar.dart
FNF:0
FNH:0
DA:6,66
DA:8,0
DA:10,0
DA:12,0
DA:16,0
DA:19,0
DA:24,0
DA:25,0
DA:31,0
DA:33,0
DA:34,0
DA:35,0
DA:36,0
LF:13
LH:1
end_of_record
TN:
SF:lib/src/features/checkout/presentation/widgets/confirmation/confirmation_hero.dart
FNF:0
FNH:0
DA:8,0
DA:13,0
DA:15,0
DA:21,0
DA:23,0
DA:24,0
DA:26,0
DA:36,0
DA:37,0
LF:9
LH:0
end_of_record
TN:
SF:lib/src/features/checkout/presentation/widgets/confirmation/confirmation_info.dart
FNF:0
FNH:0
DA:7,33
DA:9,0
DA:11,0
DA:16,0
LF:4
LH:1
end_of_record
TN:
SF:lib/src/features/checkout/presentation/widgets/payment_method/payment_method_select.dart
FNF:0
FNH:0
DA:10,33
DA:12,0
DA:14,0
DA:15,0
DA:16,0
DA:17,0
DA:18,0
DA:20,0
DA:23,0
DA:24,0
DA:25,0
DA:26,0
DA:29,0
DA:30,0
LF:14
LH:1
end_of_record
TN:
SF:lib/src/features/checkout/presentation/widgets/payment_method/payment_method_select_item.dart
FNF:0
FNH:0
DA:13,0
DA:19,0
DA:21,0
DA:22,0
DA:24,0
DA:26,0
DA:27,0
DA:28,0
DA:31,0
DA:32,0
DA:37,0
DA:39,0
DA:40,0
DA:41,0
DA:44,0
DA:45,0
DA:47,0
DA:49,0
DA:51,0
LF:19
LH:0
end_of_record
TN:
SF:lib/src/features/checkout/presentation/widgets/review/review_details.dart
FNF:0
FNH:0
DA:12,33
DA:14,0
DA:19,0
DA:21,0
DA:22,0
DA:37,0
DA:38,0
DA:39,0
DA:41,0
DA:42,0
DA:43,0
DA:44,0
DA:45,0
DA:47,0
DA:50,0
DA:51,0
DA:53,0
DA:54,0
DA:55,0
DA:57,0
DA:60,0
DA:62,0
DA:63,0
DA:64,0
DA:65,0
DA:67,0
DA:73,0
DA:75,0
DA:81,0
DA:84,0
DA:86,0
DA:87,0
DA:91,0
DA:94,0
DA:96,0
DA:97,0
DA:98,0
DA:103,0
DA:104,0
DA:105,0
DA:111,0
DA:116,0
DA:119,0
LF:43
LH:1
end_of_record
TN:
SF:lib/src/features/checkout/presentation/widgets/review/review_products_table.dart
FNF:0
FNH:0
DA:13,33
DA:15,0
DA:17,0
DA:18,0
DA:19,0
DA:23,0
DA:24,0
DA:30,0
DA:31,0
DA:35,0
DA:36,0
DA:43,0
LF:12
LH:1
end_of_record
TN:
SF:lib/src/features/checkout/presentation/widgets/review/review_products_table_footer.dart
FNF:0
FNH:0
DA:11,0
DA:16,0
DA:17,0
DA:18,0
DA:19,0
DA:25,0
DA:30,0
DA:34,0
DA:36,0
DA:37,0
DA:41,0
DA:47,0
DA:49,0
DA:50,0
DA:51,0
DA:54,0
DA:56,0
DA:57,0
DA:58,0
DA:60,0
DA:61,0
DA:64,0
DA:65,0
DA:66,0
DA:69,0
DA:71,0
DA:75,0
DA:76,0
DA:79,0
LF:29
LH:0
end_of_record
TN:
SF:lib/src/features/checkout/presentation/widgets/review/review_products_table_header.dart
FNF:0
FNH:0
DA:7,33
DA:9,0
DA:11,0
LF:3
LH:1
end_of_record
TN:
SF:lib/src/features/checkout/presentation/widgets/review/review_products_table_item.dart
FNF:0
FNH:0
DA:12,0
DA:17,0
DA:18,0
DA:19,0
DA:20,0
DA:21,0
DA:25,0
DA:27,0
DA:28,0
DA:29,0
DA:31,0
DA:40,0
DA:42,0
DA:53,0
DA:55,0
DA:56,0
DA:57,0
DA:61,0
DA:62,0
DA:64,0
DA:65,0
DA:66,0
DA:71,0
DA:72,0
LF:24
LH:0
end_of_record
TN:
SF:lib/src/features/checkout/presentation/widgets/shipping_method/shipping_method_select.dart
FNF:0
FNH:0
DA:10,33
DA:12,0
DA:14,0
DA:15,0
DA:16,0
DA:17,0
DA:18,0
DA:20,0
DA:23,0
DA:24,0
DA:25,0
DA:26,0
DA:29,0
DA:30,0
LF:14
LH:1
end_of_record
TN:
SF:lib/src/features/checkout/presentation/widgets/shipping_method/shipping_method_select_item.dart
FNF:0
FNH:0
DA:13,0
DA:19,0
DA:21,0
DA:22,0
DA:24,0
DA:25,0
DA:27,0
DA:29,0
DA:30,0
DA:31,0
DA:34,0
DA:35,0
DA:40,0
DA:41,0
DA:42,0
DA:45,0
DA:46,0
DA:48,0
DA:50,0
DA:52,0
DA:53,0
DA:54,0
DA:58,0
DA:60,0
LF:24
LH:0
end_of_record
TN:
SF:lib/src/features/checkout/presentation/widgets/steps_rail/checkout_steps_progress_indicator.dart
FNF:0
FNH:0
DA:8,33
DA:10,0
DA:13,0
DA:15,0
DA:17,0
DA:21,0
LF:6
LH:1
end_of_record
TN:
SF:lib/src/features/checkout/presentation/widgets/steps_rail/checkout_steps_rail.dart
FNF:0
FNH:0
DA:9,33
DA:11,0
DA:13,0
DA:14,0
DA:15,0
DA:17,0
DA:18,0
DA:19,0
DA:20,0
DA:22,0
DA:23,0
DA:24,0
DA:25,0
DA:27,0
DA:31,0
LF:15
LH:1
end_of_record
TN:
SF:lib/src/features/checkout/presentation/widgets/steps_rail/checkout_steps_rail_item.dart
FNF:0
FNH:0
DA:10,0
DA:16,0
DA:18,0
DA:19,0
DA:21,0
DA:23,0
LF:6
LH:0
end_of_record
TN:
SF:lib/src/features/debug/widgets/debug_menu.dart
FNF:0
FNH:0
DA:14,33
DA:16,1
DA:18,4
DA:19,1
DA:22,1
DA:24,1
DA:25,1
DA:27,3
DA:30,2
DA:31,1
DA:33,3
DA:43,2
DA:44,1
DA:46,4
DA:48,1
DA:50,4
DA:52,1
DA:54,3
DA:56,1
DA:59,4
DA:61,1
DA:63,3
DA:65,1
DA:68,4
DA:71,2
DA:72,1
DA:74,3
DA:76,1
DA:77,0
DA:79,0
DA:81,0
DA:83,0
DA:85,0
DA:87,0
DA:89,0
DA:91,0
DA:93,0
DA:95,0
DA:97,0
DA:99,0
DA:101,0
DA:103,0
DA:105,0
DA:107,0
DA:109,0
DA:111,0
DA:116,2
DA:117,1
DA:119,0
LF:49
LH:30
end_of_record
TN:
SF:lib/src/features/debug/widgets/debug_menu_item.dart
FNF:0
FNH:0
DA:7,1
DA:13,1
DA:15,1
DA:22,1
DA:24,1
DA:25,2
DA:26,2
LF:7
LH:7
end_of_record
TN:
SF:lib/src/features/debug/widgets/debug_menu_section.dart
FNF:0
FNH:0
DA:7,1
DA:13,1
DA:15,1
DA:17,1
DA:18,1
DA:19,1
DA:20,3
DA:23,1
DA:24,1
LF:9
LH:9
end_of_record
TN:
SF:lib/src/features/global/data/context_repository.dart
FNF:0
FNH:0
DA:14,2
DA:15,6
DA:16,6
DA:17,6
DA:20,2
DA:21,4
DA:24,0
DA:27,0
DA:30,2
DA:33,4
DA:36,2
DA:39,4
DA:42,2
DA:45,4
DA:48,2
DA:51,4
DA:54,2
DA:58,4
DA:64,2
DA:68,4
DA:72,2
DA:74,4
DA:75,2
LF:23
LH:21
end_of_record
TN:
SF:lib/src/features/global/data/global_data_notifier.dart
FNF:0
FNH:0
DA:28,2
DA:39,1
DA:40,1
DA:41,1
DA:42,3
DA:46,2
DA:47,2
DA:48,2
DA:53,2
DA:54,2
DA:55,2
DA:60,0
DA:61,0
DA:64,0
DA:65,0
DA:68,0
DA:69,0
DA:72,1
DA:73,2
DA:74,6
DA:78,0
DA:79,0
DA:80,0
DA:84,1
DA:85,2
DA:86,6
DA:90,1
DA:91,2
DA:94,0
DA:96,0
DA:97,0
DA:100,0
DA:101,0
DA:104,0
DA:107,0
DA:109,0
DA:110,0
DA:111,0
DA:112,0
DA:113,0
DA:116,0
DA:118,0
DA:119,0
DA:120,0
DA:121,0
DA:122,0
DA:128,2
DA:130,2
DA:133,2
DA:143,6
DA:144,6
DA:147,2
DA:149,2
DA:150,6
DA:152,2
DA:153,6
DA:155,2
DA:156,8
DA:158,2
DA:159,8
DA:161,2
DA:162,6
DA:164,2
DA:165,8
DA:167,2
DA:170,8
DA:172,2
DA:173,8
DA:176,0
DA:177,0
DA:181,2
DA:182,4
DA:183,4
DA:185,2
DA:197,0
DA:200,0
DA:202,0
DA:203,0
DA:207,0
DA:209,0
DA:210,0
DA:212,0
LF:82
LH:45
end_of_record
TN:
SF:lib/src/features/global/data/local_storage_repository.dart
FNF:0
FNH:0
DA:12,2
DA:13,6
DA:16,2
DA:17,4
DA:18,4
DA:22,0
DA:23,0
DA:26,0
DA:27,0
DA:30,0
DA:31,0
DA:35,2
DA:37,2
LF:13
LH:7
end_of_record
TN:
SF:lib/src/features/global/data/overlay_loading_notifier.dart
FNF:0
FNH:0
DA:8,1
DA:13,1
DA:14,1
DA:17,1
DA:18,1
DA:23,1
DA:24,4
DA:27,1
DA:28,4
LF:9
LH:9
end_of_record
TN:
SF:lib/src/features/global/data/validators/basic_validator.dart
FNF:0
FNH:0
DA:4,1
DA:6,1
DA:11,1
DA:14,1
DA:16,3
LF:5
LH:5
end_of_record
TN:
SF:lib/src/features/global/data/validators/email_validator.dart
FNF:0
FNH:0
DA:6,0
DA:11,2
LF:2
LH:1
end_of_record
TN:
SF:lib/src/features/global/data/validators/regex_validator.dart
FNF:0
FNH:0
DA:6,1
DA:8,1
DA:11,2
DA:12,1
DA:14,2
DA:15,5
DA:23,0
LF:7
LH:6
end_of_record
TN:
SF:lib/src/features/global/data/validators/validator_input_formatter.dart
FNF:0
FNH:0
DA:8,0
DA:11,0
DA:14,0
DA:15,0
LF:4
LH:0
end_of_record
TN:
SF:lib/src/features/menu/data/categories_service.dart
FNF:0
FNH:0
DA:4,0
DA:6,3
DA:7,3
DA:9,3
DA:14,2
DA:15,4
DA:18,2
DA:20,8
DA:21,4
DA:22,10
DA:32,2
DA:37,2
DA:38,6
DA:40,2
DA:42,2
DA:45,3
DA:50,3
DA:51,9
DA:53,3
DA:55,3
DA:58,3
DA:64,12
LF:22
LH:21
end_of_record
TN:
SF:lib/src/features/menu/presentation/screens/menu_screen.dart
FNF:0
FNH:0
DA:15,34
DA:17,1
DA:19,1
DA:20,1
DA:21,1
DA:23,1
DA:24,1
DA:25,1
DA:26,1
DA:29,3
DA:30,1
DA:31,1
DA:35,2
LF:13
LH:13
end_of_record
TN:
SF:lib/src/features/menu/presentation/screens/menu_sublevel_screen.dart
FNF:0
FNH:0
DA:20,2
DA:27,2
DA:29,2
DA:30,2
DA:31,2
DA:32,8
DA:34,8
DA:36,2
DA:37,2
DA:38,4
DA:40,1
DA:41,1
DA:42,1
DA:44,2
DA:47,3
DA:48,3
DA:50,2
DA:51,2
DA:52,6
DA:58,4
LF:20
LH:20
end_of_record
TN:
SF:lib/src/features/menu/presentation/widgets/category_bar.dart
FNF:0
FNH:0
DA:16,2
DA:24,2
DA:26,2
DA:27,2
DA:28,2
DA:29,2
DA:33,2
DA:35,2
DA:36,6
DA:38,2
DA:39,4
DA:41,6
DA:45,6
LF:13
LH:13
end_of_record
TN:
SF:lib/src/features/menu/presentation/widgets/menu_shell.dart
FNF:0
FNH:0
DA:6,1
DA:8,1
DA:10,1
DA:11,1
DA:13,1
DA:16,2
LF:6
LH:6
end_of_record
TN:
SF:lib/src/features/products/data/categories_repository.dart
FNF:0
FNH:0
DA:11,3
DA:13,1
DA:14,3
DA:17,1
DA:18,3
DA:21,1
DA:25,3
DA:31,3
DA:32,9
DA:39,3
DA:41,6
DA:42,3
DA:45,1
DA:48,2
DA:49,1
DA:52,1
DA:57,2
DA:58,1
DA:61,1
DA:67,2
DA:68,1
LF:21
LH:21
end_of_record
TN:
SF:lib/src/features/products/data/products_repository.dart
FNF:0
FNH:0
DA:10,5
DA:11,15
DA:14,2
DA:15,6
DA:18,4
DA:20,12
DA:23,2
DA:24,6
DA:35,5
DA:37,10
DA:38,5
DA:41,1
DA:49,2
DA:51,1
DA:52,1
DA:61,1
DA:66,2
DA:67,1
DA:74,2
DA:85,1
DA:92,2
DA:97,4
DA:98,2
DA:100,2
DA:101,4
DA:103,2
DA:104,2
DA:105,2
DA:106,2
DA:107,4
DA:112,4
DA:115,2
DA:117,2
LF:33
LH:33
end_of_record
TN:
SF:lib/src/features/products/data/products_view/products_view_controller.dart
FNF:0
FNH:0
DA:30,4
DA:35,4
DA:37,4
DA:38,4
DA:39,4
DA:41,1
DA:42,1
DA:48,4
DA:53,4
DA:55,8
DA:58,8
DA:60,0
DA:62,0
DA:66,4
DA:68,4
DA:69,4
DA:71,4
DA:72,4
DA:73,4
DA:74,8
DA:77,16
DA:80,4
DA:82,8
DA:84,0
DA:85,8
DA:86,4
DA:87,2
DA:90,20
DA:91,4
DA:92,4
DA:93,4
DA:97,0
DA:98,0
DA:105,4
DA:106,8
DA:107,8
DA:108,2
DA:109,2
DA:111,0
DA:115,4
DA:116,16
DA:118,8
DA:122,1
DA:123,4
DA:125,2
DA:129,0
DA:130,0
DA:132,0
DA:134,0
DA:135,0
DA:136,0
DA:142,0
DA:146,0
DA:147,0
DA:148,0
DA:149,0
DA:154,0
DA:160,10
DA:161,10
LF:59
LH:41
end_of_record
TN:
SF:lib/src/features/products/data/products_view/products_view_filter.dart
FNF:0
FNH:0
DA:14,40
DA:21,3
DA:23,3
DA:24,11
DA:25,1
DA:32,2
DA:34,5
DA:35,3
DA:39,1
DA:42,1
DA:43,5
DA:44,1
DA:46,2
DA:52,1
DA:53,1
DA:56,4
DA:62,4
DA:63,4
DA:64,4
DA:65,1
DA:66,0
DA:72,12
DA:74,0
DA:75,0
DA:78,0
DA:79,0
DA:81,0
DA:82,0
DA:84,0
DA:87,0
DA:92,4
DA:97,12
DA:103,0
DA:104,0
DA:105,0
DA:106,0
DA:111,12
DA:112,12
DA:113,6
LF:39
LH:26
end_of_record
TN:
SF:lib/src/features/products/data/products_view/products_view_state.dart
FNF:0
FNH:0
DA:20,7
DA:30,7
DA:39,7
DA:50,5
DA:58,5
DA:59,1
DA:60,1
DA:61,4
DA:62,1
DA:63,5
DA:64,5
DA:69,1
DA:70,1
DA:71,1
DA:72,1
DA:73,1
DA:74,1
DA:75,1
DA:76,1
DA:77,1
LF:20
LH:20
end_of_record
TN:
SF:lib/src/features/products/presentation/screens/single_product_screen.dart
FNF:0
FNH:0
DA:21,1
DA:26,1
DA:28,2
DA:30,1
DA:31,2
DA:34,2
DA:35,2
DA:36,3
DA:37,4
DA:38,2
DA:40,1
DA:41,1
DA:42,1
DA:43,3
DA:50,1
DA:52,1
DA:53,1
DA:55,1
DA:56,3
DA:57,1
DA:58,1
DA:59,1
DA:60,1
DA:79,1
DA:80,1
DA:82,1
DA:83,1
DA:84,1
DA:85,1
DA:88,1
DA:91,1
DA:93,1
DA:94,1
DA:95,1
DA:96,3
DA:99,1
DA:100,1
DA:106,2
DA:107,1
DA:108,1
DA:109,1
DA:110,1
DA:111,1
DA:115,2
LF:44
LH:44
end_of_record
TN:
SF:lib/src/features/products/presentation/widgets/filter_dialog/filter_dialog.dart
FNF:0
FNH:0
DA:18,1
DA:24,1
DA:26,1
DA:27,5
DA:28,2
DA:29,1
DA:30,3
DA:31,2
DA:40,2
DA:45,2
DA:47,4
DA:48,2
DA:49,2
DA:51,2
DA:52,2
DA:54,2
DA:55,2
DA:56,2
DA:57,2
DA:59,2
DA:60,2
DA:61,4
DA:62,2
DA:63,1
DA:64,3
DA:65,1
DA:67,3
DA:68,1
DA:75,2
DA:77,4
DA:78,2
DA:79,1
DA:81,1
DA:82,1
DA:83,1
DA:84,1
DA:85,1
DA:90,1
DA:92,1
DA:93,1
DA:94,1
DA:103,2
DA:107,2
DA:111,1
DA:112,2
DA:113,1
DA:118,2
DA:122,2
DA:126,2
DA:133,2
DA:138,2
DA:142,4
DA:149,1
DA:150,2
LF:54
LH:54
end_of_record
TN:
SF:lib/src/features/products/presentation/widgets/filter_dialog/filter_dialog_header.dart
FNF:0
FNH:0
DA:9,33
DA:11,2
DA:13,2
DA:19,2
DA:21,2
DA:22,2
DA:24,2
DA:25,2
DA:26,2
DA:27,2
DA:29,2
DA:30,2
LF:12
LH:12
end_of_record
TN:
SF:lib/src/features/products/presentation/widgets/filter_dialog/filter_dialog_option.dart
FNF:0
FNH:0
DA:15,1
DA:23,1
DA:25,1
DA:26,1
DA:27,1
DA:34,1
DA:35,1
DA:36,1
DA:40,1
LF:9
LH:9
end_of_record
TN:
SF:lib/src/features/products/presentation/widgets/product_add_to_cart_button.dart
FNF:0
FNH:0
DA:14,3
DA:20,2
DA:22,2
DA:24,2
DA:25,2
DA:26,1
DA:27,1
DA:29,5
DA:30,1
DA:31,1
DA:32,1
DA:33,1
DA:38,1
DA:40,1
DA:41,1
DA:44,2
LF:16
LH:16
end_of_record
TN:
SF:lib/src/features/products/presentation/widgets/product_app_bar.dart
FNF:0
FNH:0
DA:7,33
DA:9,1
DA:11,1
DA:12,1
DA:14,1
DA:16,1
DA:17,1
DA:18,0
DA:23,1
DA:24,0
LF:10
LH:8
end_of_record
TN:
SF:lib/src/features/products/presentation/widgets/product_images.dart
FNF:0
FNH:0
DA:13,2
DA:15,2
DA:17,2
DA:19,5
DA:20,2
DA:21,2
DA:22,2
DA:24,8
DA:27,2
DA:28,3
DA:29,0
DA:30,0
DA:32,0
DA:35,1
DA:36,2
DA:42,1
DA:43,1
DA:44,1
DA:45,1
DA:47,1
DA:49,1
DA:50,0
DA:53,1
DA:57,1
DA:61,1
DA:62,1
DA:63,1
DA:75,2
DA:81,1
DA:83,1
DA:86,1
DA:87,3
DA:88,1
DA:92,1
DA:95,1
DA:96,2
LF:36
LH:32
end_of_record
TN:
SF:lib/src/features/products/presentation/widgets/product_price.dart
FNF:0
FNH:0
DA:11,6
DA:13,6
DA:15,6
DA:17,6
DA:18,15
DA:19,3
DA:20,12
DA:31,6
DA:32,18
DA:33,18
LF:10
LH:10
end_of_record
TN:
SF:lib/src/features/products/presentation/widgets/product_property_group.dart
FNF:0
FNH:0
DA:8,1
DA:10,1
DA:12,5
DA:14,1
DA:15,1
DA:16,2
DA:17,3
DA:18,1
DA:19,2
DA:21,1
DA:22,0
DA:23,0
LF:12
LH:10
end_of_record
TN:
SF:lib/src/features/products/presentation/widgets/product_quantity_selector.dart
FNF:0
FNH:0
DA:11,1
DA:18,1
DA:20,1
DA:31,1
DA:33,1
DA:34,1
DA:41,1
DA:43,1
DA:45,1
DA:46,1
DA:47,2
DA:48,3
DA:52,1
DA:59,1
LF:14
LH:14
end_of_record
TN:
SF:lib/src/features/products/presentation/widgets/product_rating.dart
FNF:0
FNH:0
DA:9,38
DA:11,30
DA:13,6
DA:15,6
DA:17,6
DA:18,6
DA:19,12
DA:20,6
DA:23,6
DA:27,6
DA:28,6
DA:29,12
LF:12
LH:12
end_of_record
TN:
SF:lib/src/features/products/presentation/widgets/product_to_cart_modal.dart
FNF:0
FNH:0
DA:17,1
DA:24,1
DA:29,1
DA:31,2
DA:32,3
DA:33,3
DA:34,1
DA:35,1
DA:36,1
DA:41,1
DA:48,1
DA:53,1
DA:56,1
DA:57,4
DA:60,2
DA:61,1
DA:62,1
DA:63,0
DA:64,0
DA:65,0
DA:68,0
DA:69,0
DA:71,0
DA:74,0
DA:76,5
DA:77,2
DA:78,1
DA:85,1
DA:86,1
DA:87,2
DA:88,1
DA:89,2
DA:92,1
DA:94,1
DA:95,1
DA:96,2
DA:97,2
DA:99,1
DA:100,1
DA:102,3
DA:103,2
DA:109,0
DA:110,0
DA:112,0
DA:113,0
DA:115,0
DA:116,0
DA:119,0
DA:125,1
DA:126,1
DA:127,3
DA:128,6
DA:133,0
DA:135,0
DA:138,0
DA:142,0
DA:145,0
DA:146,0
DA:149,0
DA:152,0
DA:155,0
DA:157,0
DA:160,0
DA:161,0
DA:166,0
DA:167,0
DA:168,0
DA:170,0
DA:172,0
DA:173,0
DA:178,0
DA:182,0
DA:183,0
DA:184,0
DA:187,0
DA:189,0
DA:193,0
DA:194,0
DA:197,0
DA:201,0
DA:208,0
DA:210,0
DA:211,0
DA:221,0
DA:225,2
DA:226,1
DA:228,0
DA:231,2
DA:232,2
DA:236,1
DA:237,2
DA:238,1
DA:240,1
DA:241,1
DA:242,1
DA:243,1
DA:244,1
DA:246,1
DA:248,1
DA:249,1
DA:250,1
DA:251,0
DA:252,0
DA:254,0
DA:255,0
DA:256,1
DA:258,1
DA:259,1
DA:260,1
DA:261,1
LF:110
LH:59
end_of_record
TN:
SF:lib/src/features/products/presentation/widgets/product_variant_select_item.dart
FNF:0
FNH:0
DA:13,1
DA:21,1
DA:23,1
DA:24,2
DA:25,1
DA:35,1
DA:36,1
DA:37,1
DA:38,1
DA:42,1
DA:50,1
DA:51,1
DA:55,1
LF:13
LH:13
end_of_record
TN:
SF:lib/src/features/products/presentation/widgets/products_view/product_grid_item.dart
FNF:0
FNH:0
DA:15,2
DA:17,2
DA:19,2
DA:20,2
DA:21,2
DA:22,2
DA:24,1
DA:25,3
DA:28,2
DA:30,2
DA:31,2
DA:32,2
DA:33,2
DA:35,2
DA:36,8
DA:40,7
DA:42,1
DA:45,1
DA:46,2
DA:52,2
DA:53,4
DA:54,2
DA:55,2
DA:56,2
DA:57,2
DA:60,6
LF:26
LH:26
end_of_record
TN:
SF:lib/src/features/products/presentation/widgets/products_view/product_item_discount_badge.dart
FNF:0
FNH:0
DA:9,2
DA:11,2
DA:13,6
DA:17,10
DA:19,2
DA:25,2
LF:6
LH:6
end_of_record
TN:
SF:lib/src/features/products/presentation/widgets/products_view/product_list_item.dart
FNF:0
FNH:0
DA:16,4
DA:18,4
DA:20,4
DA:21,4
DA:22,4
DA:23,2
DA:25,1
DA:26,3
DA:29,4
DA:31,4
DA:33,4
DA:35,4
DA:36,4
DA:37,4
DA:38,4
DA:40,4
DA:41,16
DA:45,4
DA:46,9
DA:48,1
DA:51,1
DA:52,2
DA:57,4
DA:58,4
DA:62,4
DA:66,4
DA:67,4
DA:68,8
DA:69,4
DA:70,4
DA:71,4
DA:72,4
DA:75,12
DA:77,4
DA:78,8
DA:84,4
LF:36
LH:36
end_of_record
TN:
SF:lib/src/features/products/presentation/widgets/products_view/products_view.dart
FNF:0
FNH:0
DA:19,16
DA:23,3
DA:27,3
DA:28,3
DA:29,3
DA:30,3
DA:31,3
DA:32,3
DA:36,3
DA:41,1
DA:42,1
DA:43,1
DA:44,1
DA:45,1
DA:47,1
DA:48,3
DA:50,1
DA:51,1
DA:52,3
DA:53,1
DA:55,2
DA:60,3
DA:65,3
DA:68,3
DA:69,3
DA:70,9
DA:73,3
DA:74,6
DA:76,6
DA:78,9
DA:79,3
DA:81,3
DA:83,3
DA:84,3
DA:85,3
DA:86,3
DA:87,3
DA:96,9
DA:97,6
DA:99,2
LF:40
LH:40
end_of_record
TN:
SF:lib/src/features/products/presentation/widgets/products_view/products_view_filter_bar.dart
FNF:0
FNH:0
DA:13,4
DA:19,4
DA:21,4
DA:30,4
DA:31,4
DA:32,4
DA:33,10
DA:40,4
DA:41,5
DA:48,4
DA:49,12
DA:50,4
DA:51,4
DA:52,4
DA:53,4
DA:56,4
DA:57,1
DA:58,1
DA:60,1
DA:61,1
DA:64,4
DA:65,4
DA:66,4
DA:68,4
DA:69,4
DA:70,4
DA:71,4
DA:88,4
DA:93,3
DA:96,3
DA:97,3
DA:98,3
DA:102,3
DA:106,3
DA:110,2
DA:112,10
DA:114,3
DA:119,1
DA:122,1
DA:124,4
DA:127,4
DA:129,1
LF:42
LH:42
end_of_record
TN:
SF:lib/src/features/search/data/search_repository.dart
FNF:0
FNH:0
DA:11,1
DA:13,1
DA:17,3
DA:20,1
DA:23,3
DA:27,1
DA:29,2
DA:30,1
LF:8
LH:8
end_of_record
TN:
SF:lib/src/features/search/data/search_suggest_controller.dart
FNF:0
FNH:0
DA:10,1
DA:12,1
DA:15,1
DA:17,1
DA:18,2
DA:19,2
DA:20,1
DA:21,3
DA:24,3
LF:9
LH:9
end_of_record
TN:
SF:lib/src/features/search/presentation/screens/search_results_screen.dart
FNF:0
FNH:0
DA:10,0
DA:12,0
DA:14,0
DA:15,0
LF:4
LH:0
end_of_record
TN:
SF:lib/src/features/search/presentation/screens/search_screen.dart
FNF:0
FNH:0
DA:14,33
DA:15,0
DA:17,0
DA:18,0
DA:19,0
DA:20,0
DA:22,0
DA:26,0
DA:27,0
DA:28,0
DA:33,0
DA:34,0
DA:35,0
DA:36,0
DA:39,0
DA:43,0
LF:16
LH:1
end_of_record
TN:
SF:lib/src/features/search/presentation/widgets/search_bar.dart
FNF:0
FNH:0
DA:14,49
DA:21,2
DA:23,2
DA:25,4
DA:26,2
DA:27,0
DA:29,4
DA:30,2
DA:32,2
DA:37,2
DA:38,0
DA:39,0
DA:46,2
DA:47,2
DA:50,2
DA:51,0
DA:52,0
DA:54,2
DA:55,2
DA:56,2
DA:57,0
DA:60,2
DA:62,6
LF:23
LH:17
end_of_record
TN:
SF:lib/src/features/search/presentation/widgets/search_suggest/search_suggest_item.dart
FNF:0
FNH:0
DA:8,0
DA:14,0
DA:16,0
DA:17,0
DA:18,0
LF:5
LH:0
end_of_record
TN:
SF:lib/src/utils/currency.dart
FNF:0
FNH:0
DA:3,7
DA:4,7
DA:8,7
DA:11,7
LF:4
LH:4
end_of_record
TN:
SF:lib/src/utils/string.dart
FNF:0
FNH:0
DA:1,1
DA:6,1
DA:7,1
DA:9,2
LF:4
LH:4
end_of_record
